<?xml version="1.0" encoding="UTF-8"?>
<testng-results ignored="0" total="1" passed="1" failed="0" skipped="0">
  <reporter-output>
    <line>
      <![CDATA[==DB CONNECTION==]]>
    </line>
    <line>
      <![CDATA[LAUNCHES CHROME]]>
    </line>
    <line>
      <![CDATA[login from app]]>
    </line>
    <line>
      <![CDATA[ORGANISATIO IS CREATED and tc is pass]]>
    </line>
    <line>
      <![CDATA[logout from app]]>
    </line>
    <line>
      <![CDATA[==CLOSE BROWSER]]>
    </line>
    <line>
      <![CDATA[==DB DISCONNECTION==]]>
    </line>
  </reporter-output>
  <suite started-at="2024-08-13T21:08:52 IST" name="Default suite" finished-at="2024-08-13T21:09:19 IST" duration-ms="27392">
    <groups>
    </groups>
    <test started-at="2024-08-13T21:08:52 IST" name="Default test" finished-at="2024-08-13T21:09:19 IST" duration-ms="27392">
      <class name="practice.CreateOrganisationTest">
        <test-method is-config="true" signature="bsconfig()[pri:0, instance:practice.CreateOrganisationTest@6574a52c]" started-at="2024-08-13T21:08:52 IST" name="bsconfig" finished-at="2024-08-13T21:08:52 IST" duration-ms="7" status="PASS">
          <reporter-output>
            <line>
              <![CDATA[==DB CONNECTION==]]>
            </line>
          </reporter-output>
        </test-method> <!-- bsconfig -->
        <test-method is-config="true" signature="bcconfig()[pri:0, instance:practice.CreateOrganisationTest@6574a52c]" started-at="2024-08-13T21:08:52 IST" name="bcconfig" finished-at="2024-08-13T21:09:01 IST" duration-ms="8956" status="PASS">
          <reporter-output>
            <line>
              <![CDATA[LAUNCHES CHROME]]>
            </line>
          </reporter-output>
        </test-method> <!-- bcconfig -->
        <test-method is-config="true" signature="loginToApp()[pri:0, instance:practice.CreateOrganisationTest@6574a52c]" started-at="2024-08-13T21:09:01 IST" name="loginToApp" finished-at="2024-08-13T21:09:06 IST" duration-ms="4968" status="PASS">
          <reporter-output>
            <line>
              <![CDATA[login from app]]>
            </line>
          </reporter-output>
        </test-method> <!-- loginToApp -->
        <test-method signature="createOrg()[pri:0, instance:practice.CreateOrganisationTest@6574a52c]" started-at="2024-08-13T21:09:06 IST" name="createOrg" finished-at="2024-08-13T21:09:17 IST" duration-ms="11434" status="PASS">
          <reporter-output>
            <line>
              <![CDATA[ORGANISATIO IS CREATED and tc is pass]]>
            </line>
          </reporter-output>
        </test-method> <!-- createOrg -->
        <test-method is-config="true" signature="logoutfromApp()[pri:0, instance:practice.CreateOrganisationTest@6574a52c]" started-at="2024-08-13T21:09:17 IST" name="logoutfromApp" finished-at="2024-08-13T21:09:19 IST" duration-ms="1714" status="PASS">
          <reporter-output>
            <line>
              <![CDATA[logout from app]]>
            </line>
          </reporter-output>
        </test-method> <!-- logoutfromApp -->
        <test-method is-config="true" signature="teardown()[pri:0, instance:practice.CreateOrganisationTest@6574a52c]" started-at="2024-08-13T21:09:19 IST" name="teardown" finished-at="2024-08-13T21:09:19 IST" duration-ms="275" status="PASS">
          <reporter-output>
            <line>
              <![CDATA[==CLOSE BROWSER]]>
            </line>
          </reporter-output>
        </test-method> <!-- teardown -->
        <test-method is-config="true" signature="ascofig()[pri:0, instance:practice.CreateOrganisationTest@6574a52c]" started-at="2024-08-13T21:09:19 IST" name="ascofig" finished-at="2024-08-13T21:09:19 IST" duration-ms="0" status="PASS">
          <reporter-output>
            <line>
              <![CDATA[==DB DISCONNECTION==]]>
            </line>
          </reporter-output>
        </test-method> <!-- ascofig -->
      </class> <!-- practice.CreateOrganisationTest -->
    </test> <!-- Default test -->
  </suite> <!-- Default suite -->
</testng-results>
